2025-06-25 13:25:49,392 - root - INFO - === Flutter Earth Application Started ===
2025-06-25 13:25:49,392 - root - INFO - Log file: logs\flutter_earth_20250625_132549.log
2025-06-25 13:25:49,435 - root - INFO - Configuration loaded from flutter_earth_config.json
2025-06-25 13:25:49,484 - root - INFO - Flutter Earth QML GUI modules imported successfully
2025-06-25 13:25:49,484 - root - INFO - Initializing QApplication...
2025-06-25 13:25:49,514 - root - INFO - Starting Flutter Earth QML GUI application...
2025-06-25 13:25:49,518 - root - INFO - Configuration loaded from flutter_earth_config.json
2025-06-25 13:25:49,520 - root - INFO - Configuration loaded from flutter_earth_config.json
2025-06-25 13:25:49,520 - flutter_earth_pkg.flutter_earth.themes - INFO - ThemeManager initialized with theme: Pinkie Pie
2025-06-25 13:25:50,378 - googleapiclient.http - WARNING - Encountered 403 Forbidden with reason "PERMISSION_DENIED"
2025-06-25 13:25:50,378 - root - WARNING - High-volume EE initialization failed: ee.Initialize: no project found. Call with project= or see http://goo.gle/ee-auth.. Trying default endpoint.
2025-06-25 13:25:51,283 - googleapiclient.http - WARNING - Encountered 403 Forbidden with reason "PERMISSION_DENIED"
2025-06-25 13:25:51,283 - root - ERROR - Earth Engine initialization failed: ee.Initialize: no project found. Call with project= or see http://goo.gle/ee-auth.
2025-06-25 13:25:51,283 - root - ERROR - Earth Engine project not found. Please:
1. Create a Google Cloud project with Earth Engine API enabled
2. Set up service account authentication using the setup dialog
3. Or set environment variable: EARTHENGINE_PROJECT=your-project-id
4. Visit https://developers.google.com/earth-engine/guides/access to sign up
2025-06-25 13:26:09,399 - root - INFO - Configuration saved to flutter_earth_config.json
2025-06-25 13:26:09,401 - flutter_earth_pkg.flutter_earth.themes - INFO - Theme changed to: Sanofi
