2025-06-23 12:31:19,816 - root - INFO - Configuration loaded from flutter_earth_config.json
2025-06-23 12:31:20,588 - __main__ - INFO - Starting Flutter Earth QML Application
2025-06-23 12:31:20,597 - root - INFO - Configuration loaded from flutter_earth_config.json
2025-06-23 12:31:20,597 - flutter_earth.auth_setup - WARNING - The configured Earth Engine key file was not found at its stored path. It may have been moved or deleted. Please select the file again.
2025-06-23 12:31:21,503 - googleapiclient.http - WARNING - Encountered 403 Forbidden with reason "PERMISSION_DENIED"
2025-06-23 12:31:21,512 - root - WARNING - High-volume EE initialization failed: ee.Initialize: no project found. Call with project= or see http://goo.gle/ee-auth.. Trying default endpoint.
2025-06-23 12:31:22,453 - googleapiclient.http - WARNING - Encountered 403 Forbidden with reason "PERMISSION_DENIED"
2025-06-23 12:31:22,453 - root - ERROR - Earth Engine initialization failed: ee.Initialize: no project found. Call with project= or see http://goo.gle/ee-auth.
2025-06-23 12:31:22,453 - root - ERROR - Earth Engine project not found. Please:
1. Create a Google Cloud project with Earth Engine API enabled
2. Set up service account authentication using the setup dialog
3. Or set environment variable: EARTHENGINE_PROJECT=your-project-id
4. Visit https://developers.google.com/earth-engine/guides/access to sign up
2025-06-23 12:31:22,453 - __main__ - CRITICAL - A critical error occurred, and the application cannot start: QApplication must be created before showing authentication dialogs. Please ensure QApplication is initialized before calling setup_credentials.
Traceback (most recent call last):
  File "C:\Users\U1060469\OneDrive - Sanofi\Desktop\FE Repo\Flutter-Earth\main.py", line 93, in main
    launcher.launch()
  File "C:\Users\U1060469\OneDrive - Sanofi\Desktop\FE Repo\Flutter-Earth\flutter_earth_pkg\flutter_earth\gui.py", line 176, in launch
    credentials = auth_manager.setup_credentials(parent=None)
                  ^^^^^^^^^^^^^^^^^^^^^^^^^^^^^^^^^^^^^^^^^^^
  File "C:\Users\U1060469\OneDrive - Sanofi\Desktop\FE Repo\Flutter-Earth\flutter_earth_pkg\flutter_earth\auth_setup.py", line 400, in setup_credentials
    raise RuntimeError("QApplication must be created before showing authentication dialogs. Please ensure QApplication is initialized before calling setup_credentials.")
RuntimeError: QApplication must be created before showing authentication dialogs. Please ensure QApplication is initialized before calling setup_credentials.
