2025-06-25 14:48:24,571 - root - INFO - === Flutter Earth Application Started ===
2025-06-25 14:48:24,571 - root - INFO - Log file: logs\flutter_earth_20250625_144824.log
2025-06-25 14:48:24,609 - root - INFO - Configuration loaded from flutter_earth_config.json
2025-06-25 14:48:24,671 - root - INFO - Flutter Earth QML GUI modules imported successfully
2025-06-25 14:48:24,671 - root - INFO - Initializing QApplication...
2025-06-25 14:48:24,690 - root - INFO - Starting Flutter Earth QML GUI application...
2025-06-25 14:48:24,694 - root - INFO - Configuration loaded from flutter_earth_config.json
2025-06-25 14:48:24,700 - root - INFO - Configuration loaded from flutter_earth_config.json
2025-06-25 14:48:24,700 - flutter_earth_pkg.flutter_earth.themes - INFO - ThemeManager initialized with theme: Twilight Sparkle
2025-06-25 14:48:25,633 - googleapiclient.http - WARNING - Encountered 403 Forbidden with reason "PERMISSION_DENIED"
2025-06-25 14:48:25,633 - root - WARNING - High-volume EE initialization failed: ee.Initialize: no project found. Call with project= or see http://goo.gle/ee-auth.. Trying default endpoint.
2025-06-25 14:48:26,380 - googleapiclient.http - WARNING - Encountered 403 Forbidden with reason "PERMISSION_DENIED"
2025-06-25 14:48:26,380 - root - ERROR - Earth Engine initialization failed: ee.Initialize: no project found. Call with project= or see http://goo.gle/ee-auth.
2025-06-25 14:48:26,380 - root - ERROR - Earth Engine project not found. Please:
1. Create a Google Cloud project with Earth Engine API enabled
2. Set up service account authentication using the setup dialog
3. Or set environment variable: EARTHENGINE_PROJECT=your-project-id
4. Visit https://developers.google.com/earth-engine/guides/access to sign up
2025-06-25 14:48:33,178 - root - INFO - Configuration saved to flutter_earth_config.json
2025-06-25 14:48:33,189 - flutter_earth_pkg.flutter_earth.themes - INFO - Theme changed to: Default (Dark)
2025-06-25 14:48:34,420 - root - INFO - Configuration saved to flutter_earth_config.json
2025-06-25 14:48:34,425 - flutter_earth_pkg.flutter_earth.themes - INFO - Theme changed to: Light
2025-06-25 14:48:37,183 - root - INFO - Configuration saved to flutter_earth_config.json
2025-06-25 14:48:37,197 - flutter_earth_pkg.flutter_earth.themes - INFO - Theme changed to: Pinkie Pie
2025-06-25 14:48:38,045 - root - INFO - Configuration saved to flutter_earth_config.json
2025-06-25 14:48:38,051 - flutter_earth_pkg.flutter_earth.themes - INFO - Theme changed to: Rarity
2025-06-25 14:48:38,967 - root - INFO - Configuration saved to flutter_earth_config.json
2025-06-25 14:48:38,971 - flutter_earth_pkg.flutter_earth.themes - INFO - Theme changed to: Derpy Hooves
2025-06-25 14:48:40,523 - root - INFO - Configuration saved to flutter_earth_config.json
2025-06-25 14:48:40,532 - flutter_earth_pkg.flutter_earth.themes - INFO - Theme changed to: Starlight Glimmer
