2025-06-25 13:27:53,679 - root - INFO - === Flutter Earth Application Started ===
2025-06-25 13:27:53,680 - root - INFO - Log file: logs\flutter_earth_20250625_132753.log
2025-06-25 13:27:53,717 - root - INFO - Configuration loaded from flutter_earth_config.json
2025-06-25 13:27:53,786 - root - INFO - Flutter Earth QML GUI modules imported successfully
2025-06-25 13:27:53,786 - root - INFO - Initializing QApplication...
2025-06-25 13:27:53,808 - root - INFO - Starting Flutter Earth QML GUI application...
2025-06-25 13:27:53,812 - root - INFO - Configuration loaded from flutter_earth_config.json
2025-06-25 13:27:53,814 - root - INFO - Configuration loaded from flutter_earth_config.json
2025-06-25 13:27:53,814 - flutter_earth_pkg.flutter_earth.themes - INFO - ThemeManager initialized with theme: Sanofi
2025-06-25 13:27:55,036 - googleapiclient.http - WARNING - Encountered 403 Forbidden with reason "PERMISSION_DENIED"
2025-06-25 13:27:55,037 - root - WARNING - High-volume EE initialization failed: ee.Initialize: no project found. Call with project= or see http://goo.gle/ee-auth.. Trying default endpoint.
2025-06-25 13:27:56,327 - googleapiclient.http - WARNING - Encountered 403 Forbidden with reason "PERMISSION_DENIED"
2025-06-25 13:27:56,327 - root - ERROR - Earth Engine initialization failed: ee.Initialize: no project found. Call with project= or see http://goo.gle/ee-auth.
2025-06-25 13:27:56,327 - root - ERROR - Earth Engine project not found. Please:
1. Create a Google Cloud project with Earth Engine API enabled
2. Set up service account authentication using the setup dialog
3. Or set environment variable: EARTHENGINE_PROJECT=your-project-id
4. Visit https://developers.google.com/earth-engine/guides/access to sign up
2025-06-25 13:28:22,550 - root - INFO - Configuration saved to flutter_earth_config.json
2025-06-25 13:28:22,560 - flutter_earth_pkg.flutter_earth.themes - INFO - Theme changed to: Fluttershy
2025-06-25 13:28:25,263 - root - INFO - Configuration saved to flutter_earth_config.json
2025-06-25 13:28:25,279 - flutter_earth_pkg.flutter_earth.themes - INFO - Theme changed to: Pinkie Pie
2025-06-25 13:28:26,941 - root - INFO - Configuration saved to flutter_earth_config.json
2025-06-25 13:28:26,951 - flutter_earth_pkg.flutter_earth.themes - INFO - Theme changed to: Twilight Sparkle
2025-06-25 13:28:30,449 - root - INFO - Configuration saved to flutter_earth_config.json
2025-06-25 13:28:30,458 - flutter_earth_pkg.flutter_earth.themes - INFO - Theme changed to: Derpy Hooves
2025-06-25 13:28:31,757 - root - INFO - Configuration saved to flutter_earth_config.json
2025-06-25 13:28:31,766 - flutter_earth_pkg.flutter_earth.themes - INFO - Theme changed to: Starlight Glimmer
2025-06-25 13:28:33,711 - root - INFO - Configuration saved to flutter_earth_config.json
2025-06-25 13:28:33,725 - flutter_earth_pkg.flutter_earth.themes - INFO - Theme changed to: Princess Celestia
2025-06-25 13:28:38,589 - root - INFO - Configuration saved to flutter_earth_config.json
2025-06-25 13:28:38,598 - flutter_earth_pkg.flutter_earth.themes - INFO - Theme changed to: Starlight Glimmer
2025-06-25 13:28:42,812 - root - INFO - Configuration saved to flutter_earth_config.json
2025-06-25 13:28:42,816 - flutter_earth_pkg.flutter_earth.themes - INFO - Theme changed to: Zombie (Minecraft)
2025-06-25 13:28:45,033 - root - INFO - Configuration saved to flutter_earth_config.json
2025-06-25 13:28:45,035 - flutter_earth_pkg.flutter_earth.themes - INFO - Theme changed to: Enderman (Minecraft)
2025-06-25 13:28:48,812 - root - INFO - Configuration saved to flutter_earth_config.json
2025-06-25 13:28:48,812 - flutter_earth_pkg.flutter_earth.themes - INFO - Theme changed to: Steve
2025-06-25 13:28:50,797 - root - INFO - Configuration saved to flutter_earth_config.json
2025-06-25 13:28:50,797 - flutter_earth_pkg.flutter_earth.themes - INFO - Theme changed to: Alex (Minecraft)
2025-06-25 13:28:52,171 - root - INFO - Configuration saved to flutter_earth_config.json
2025-06-25 13:28:52,177 - flutter_earth_pkg.flutter_earth.themes - INFO - Theme changed to: Creeper (Minecraft)
