2025-06-24 21:09:20,457 - root - INFO - === Flutter Earth Application Started ===
2025-06-24 21:09:20,458 - root - INFO - Log file: logs\flutter_earth_20250624_210920.log
2025-06-24 21:09:20,536 - root - INFO - Configuration loaded from flutter_earth_config.json
2025-06-24 21:09:20,637 - root - INFO - Flutter Earth QML GUI modules imported successfully
2025-06-24 21:09:20,638 - root - INFO - Initializing QApplication...
2025-06-24 21:09:20,666 - root - INFO - Starting Flutter Earth QML GUI application...
2025-06-24 21:09:20,671 - root - INFO - Configuration loaded from flutter_earth_config.json
2025-06-24 21:09:20,672 - root - INFO - Configuration loaded from flutter_earth_config.json
2025-06-24 21:09:20,673 - flutter_earth_pkg.flutter_earth.themes - INFO - ThemeManager initialized with theme: Derpy Hooves
2025-06-24 21:09:21,721 - googleapiclient.http - WARNING - Encountered 403 Forbidden with reason "PERMISSION_DENIED"
2025-06-24 21:09:21,722 - root - WARNING - High-volume EE initialization failed: ee.Initialize: no project found. Call with project= or see http://goo.gle/ee-auth.. Trying default endpoint.
2025-06-24 21:09:22,471 - googleapiclient.http - WARNING - Encountered 403 Forbidden with reason "PERMISSION_DENIED"
2025-06-24 21:09:22,471 - root - ERROR - Earth Engine initialization failed: ee.Initialize: no project found. Call with project= or see http://goo.gle/ee-auth.
2025-06-24 21:09:22,471 - root - ERROR - Earth Engine project not found. Please:
1. Create a Google Cloud project with Earth Engine API enabled
2. Set up service account authentication using the setup dialog
3. Or set environment variable: EARTHENGINE_PROJECT=your-project-id
4. Visit https://developers.google.com/earth-engine/guides/access to sign up
2025-06-24 21:09:32,814 - root - INFO - Configuration saved to flutter_earth_config.json
2025-06-24 21:09:32,815 - flutter_earth_pkg.flutter_earth.themes - INFO - Theme changed to: Default (Dark)
2025-06-24 21:09:34,481 - root - INFO - Configuration saved to flutter_earth_config.json
2025-06-24 21:09:34,481 - flutter_earth_pkg.flutter_earth.themes - INFO - Theme changed to: Light
2025-06-24 21:09:37,444 - root - INFO - Configuration saved to flutter_earth_config.json
2025-06-24 21:09:37,445 - flutter_earth_pkg.flutter_earth.themes - INFO - Theme changed to: Sanofi
2025-06-24 21:09:39,271 - root - INFO - Configuration saved to flutter_earth_config.json
2025-06-24 21:09:39,272 - flutter_earth_pkg.flutter_earth.themes - INFO - Theme changed to: Pinkie Pie
2025-06-24 21:09:40,002 - root - INFO - Configuration saved to flutter_earth_config.json
2025-06-24 21:09:40,003 - flutter_earth_pkg.flutter_earth.themes - INFO - Theme changed to: Twilight Sparkle
2025-06-24 21:09:40,436 - root - INFO - Configuration saved to flutter_earth_config.json
2025-06-24 21:09:40,437 - flutter_earth_pkg.flutter_earth.themes - INFO - Theme changed to: Rainbow Dash
2025-06-24 21:09:41,139 - root - INFO - Configuration saved to flutter_earth_config.json
2025-06-24 21:09:41,139 - flutter_earth_pkg.flutter_earth.themes - INFO - Theme changed to: Princess Celestia
2025-06-24 21:09:52,794 - root - INFO - Configuration loaded from flutter_earth_config.json
2025-06-24 21:09:53,783 - root - INFO - Configuration loaded from flutter_earth_config.json
2025-06-24 21:09:55,452 - root - INFO - Configuration saved to flutter_earth_config.json
2025-06-24 21:09:55,452 - flutter_earth_pkg.flutter_earth.themes - INFO - Theme changed to: Light
