2025-06-24 19:58:49,747 - root - INFO - === Flutter Earth Application Started ===
2025-06-24 19:58:49,748 - root - INFO - Log file: logs\flutter_earth_20250624_195849.log
2025-06-24 19:58:49,817 - root - INFO - Configuration loaded from flutter_earth_config.json
2025-06-24 19:58:49,907 - root - INFO - Flutter Earth QML GUI modules imported successfully
2025-06-24 19:58:49,907 - root - INFO - Initializing QApplication...
2025-06-24 19:58:49,935 - root - INFO - Starting Flutter Earth QML GUI application...
2025-06-24 19:58:49,942 - root - INFO - Configuration loaded from flutter_earth_config.json
2025-06-24 19:58:49,943 - root - INFO - Configuration loaded from flutter_earth_config.json
2025-06-24 19:58:49,944 - flutter_earth_pkg.flutter_earth.themes - INFO - ThemeManager initialized with theme: Enderman (Minecraft)
2025-06-24 19:58:50,828 - googleapiclient.http - WARNING - Encountered 403 Forbidden with reason "PERMISSION_DENIED"
2025-06-24 19:58:50,829 - root - WARNING - High-volume EE initialization failed: ee.Initialize: no project found. Call with project= or see http://goo.gle/ee-auth.. Trying default endpoint.
2025-06-24 19:58:51,562 - googleapiclient.http - WARNING - Encountered 403 Forbidden with reason "PERMISSION_DENIED"
2025-06-24 19:58:51,563 - root - ERROR - Earth Engine initialization failed: ee.Initialize: no project found. Call with project= or see http://goo.gle/ee-auth.
2025-06-24 19:58:51,563 - root - ERROR - Earth Engine project not found. Please:
1. Create a Google Cloud project with Earth Engine API enabled
2. Set up service account authentication using the setup dialog
3. Or set environment variable: EARTHENGINE_PROJECT=your-project-id
4. Visit https://developers.google.com/earth-engine/guides/access to sign up
2025-06-24 19:59:04,039 - flutter_earth_pkg.flutter_earth.themes - WARNING - Theme '' not found. Reverting to Default (Dark).
2025-06-24 19:59:04,042 - root - INFO - Configuration saved to flutter_earth_config.json
2025-06-24 19:59:04,043 - flutter_earth_pkg.flutter_earth.themes - INFO - Theme changed to: Default (Dark)
2025-06-24 19:59:05,036 - flutter_earth_pkg.flutter_earth.themes - WARNING - Theme '' not found. Reverting to Default (Dark).
2025-06-24 19:59:05,040 - root - INFO - Configuration saved to flutter_earth_config.json
2025-06-24 19:59:05,041 - flutter_earth_pkg.flutter_earth.themes - INFO - Theme changed to: Default (Dark)
