2025-06-24 21:30:55,211 - root - INFO - === Flutter Earth Application Started ===
2025-06-24 21:30:55,211 - root - INFO - Log file: logs\flutter_earth_20250624_213055.log
2025-06-24 21:30:55,283 - root - INFO - Configuration loaded from flutter_earth_config.json
2025-06-24 21:30:55,369 - root - INFO - Flutter Earth QML GUI modules imported successfully
2025-06-24 21:30:55,369 - root - INFO - Initializing QApplication...
2025-06-24 21:30:55,395 - root - INFO - Starting Flutter Earth QML GUI application...
2025-06-24 21:30:55,401 - root - INFO - Configuration loaded from flutter_earth_config.json
2025-06-24 21:30:55,402 - root - INFO - Configuration loaded from flutter_earth_config.json
2025-06-24 21:30:55,403 - flutter_earth_pkg.flutter_earth.themes - INFO - ThemeManager initialized with theme: Pinkie Pie
2025-06-24 21:30:56,411 - googleapiclient.http - WARNING - Encountered 403 Forbidden with reason "PERMISSION_DENIED"
2025-06-24 21:30:56,412 - root - WARNING - High-volume EE initialization failed: ee.Initialize: no project found. Call with project= or see http://goo.gle/ee-auth.. Trying default endpoint.
2025-06-24 21:30:57,207 - googleapiclient.http - WARNING - Encountered 403 Forbidden with reason "PERMISSION_DENIED"
2025-06-24 21:30:57,207 - root - ERROR - Earth Engine initialization failed: ee.Initialize: no project found. Call with project= or see http://goo.gle/ee-auth.
2025-06-24 21:30:57,208 - root - ERROR - Earth Engine project not found. Please:
1. Create a Google Cloud project with Earth Engine API enabled
2. Set up service account authentication using the setup dialog
3. Or set environment variable: EARTHENGINE_PROJECT=your-project-id
4. Visit https://developers.google.com/earth-engine/guides/access to sign up
2025-06-24 21:31:05,336 - root - INFO - Configuration saved to flutter_earth_config.json
2025-06-24 21:31:05,351 - flutter_earth_pkg.flutter_earth.themes - INFO - Theme changed to: Fluttershy
2025-06-24 21:31:06,785 - root - INFO - Configuration saved to flutter_earth_config.json
2025-06-24 21:31:06,792 - flutter_earth_pkg.flutter_earth.themes - INFO - Theme changed to: Princess Luna
