2025-06-25 14:33:03,496 - root - INFO - === Flutter Earth Application Started ===
2025-06-25 14:33:03,496 - root - INFO - Log file: logs\flutter_earth_20250625_143303.log
2025-06-25 14:33:03,528 - root - INFO - Configuration loaded from flutter_earth_config.json
2025-06-25 14:33:03,608 - root - INFO - Flutter Earth QML GUI modules imported successfully
2025-06-25 14:33:03,608 - root - INFO - Initializing QApplication...
2025-06-25 14:33:03,630 - root - INFO - Starting Flutter Earth QML GUI application...
2025-06-25 14:33:03,633 - root - INFO - Configuration loaded from flutter_earth_config.json
2025-06-25 14:33:03,635 - root - INFO - Configuration loaded from flutter_earth_config.json
2025-06-25 14:33:03,635 - flutter_earth_pkg.flutter_earth.themes - INFO - ThemeManager initialized with theme: Creeper (Minecraft)
2025-06-25 14:33:06,948 - googleapiclient.http - WARNING - Encountered 403 Forbidden with reason "PERMISSION_DENIED"
2025-06-25 14:33:06,948 - root - WARNING - High-volume EE initialization failed: ee.Initialize: no project found. Call with project= or see http://goo.gle/ee-auth.. Trying default endpoint.
2025-06-25 14:33:09,899 - googleapiclient.http - WARNING - Encountered 403 Forbidden with reason "PERMISSION_DENIED"
2025-06-25 14:33:09,899 - root - ERROR - Earth Engine initialization failed: ee.Initialize: no project found. Call with project= or see http://goo.gle/ee-auth.
2025-06-25 14:33:09,899 - root - ERROR - Earth Engine project not found. Please:
1. Create a Google Cloud project with Earth Engine API enabled
2. Set up service account authentication using the setup dialog
3. Or set environment variable: EARTHENGINE_PROJECT=your-project-id
4. Visit https://developers.google.com/earth-engine/guides/access to sign up
2025-06-25 14:33:23,193 - root - INFO - Configuration saved to flutter_earth_config.json
2025-06-25 14:33:23,203 - flutter_earth_pkg.flutter_earth.themes - INFO - Theme changed to: Pinkie Pie
2025-06-25 14:33:24,573 - root - INFO - Configuration saved to flutter_earth_config.json
2025-06-25 14:33:24,578 - flutter_earth_pkg.flutter_earth.themes - INFO - Theme changed to: Princess Celestia
2025-06-25 14:33:25,705 - root - INFO - Configuration saved to flutter_earth_config.json
2025-06-25 14:33:25,717 - flutter_earth_pkg.flutter_earth.themes - INFO - Theme changed to: Derpy Hooves
2025-06-25 14:33:26,698 - root - INFO - Configuration saved to flutter_earth_config.json
2025-06-25 14:33:26,698 - flutter_earth_pkg.flutter_earth.themes - INFO - Theme changed to: Trixie
