2025-06-25 13:17:10,602 - root - INFO - === Flutter Earth Application Started ===
2025-06-25 13:17:10,603 - root - INFO - Log file: logs\flutter_earth_20250625_131710.log
2025-06-25 13:17:10,654 - root - INFO - Configuration loaded from flutter_earth_config.json
2025-06-25 13:17:10,732 - root - INFO - Flutter Earth QML GUI modules imported successfully
2025-06-25 13:17:10,732 - root - INFO - Initializing QApplication...
2025-06-25 13:17:10,758 - root - INFO - Starting Flutter Earth QML GUI application...
2025-06-25 13:17:10,762 - root - INFO - Configuration loaded from flutter_earth_config.json
2025-06-25 13:17:10,763 - root - INFO - Configuration loaded from flutter_earth_config.json
2025-06-25 13:17:10,765 - flutter_earth_pkg.flutter_earth.themes - INFO - ThemeManager initialized with theme: Princess Luna
2025-06-25 13:17:13,271 - googleapiclient.http - WARNING - Encountered 403 Forbidden with reason "PERMISSION_DENIED"
2025-06-25 13:17:13,271 - root - WARNING - High-volume EE initialization failed: ee.Initialize: no project found. Call with project= or see http://goo.gle/ee-auth.. Trying default endpoint.
2025-06-25 13:17:14,753 - googleapiclient.http - WARNING - Encountered 403 Forbidden with reason "PERMISSION_DENIED"
2025-06-25 13:17:14,766 - root - ERROR - Earth Engine initialization failed: ee.Initialize: no project found. Call with project= or see http://goo.gle/ee-auth.
2025-06-25 13:17:14,766 - root - ERROR - Earth Engine project not found. Please:
1. Create a Google Cloud project with Earth Engine API enabled
2. Set up service account authentication using the setup dialog
3. Or set environment variable: EARTHENGINE_PROJECT=your-project-id
4. Visit https://developers.google.com/earth-engine/guides/access to sign up
2025-06-25 13:17:45,358 - root - INFO - Configuration saved to flutter_earth_config.json
2025-06-25 13:17:45,358 - flutter_earth_pkg.flutter_earth.themes - INFO - Theme changed to: Sanofi
2025-06-25 13:17:46,373 - root - INFO - Configuration saved to flutter_earth_config.json
2025-06-25 13:17:46,374 - flutter_earth_pkg.flutter_earth.themes - INFO - Theme changed to: Sanofi
2025-06-25 13:17:48,820 - root - INFO - Configuration saved to flutter_earth_config.json
2025-06-25 13:17:48,823 - flutter_earth_pkg.flutter_earth.themes - INFO - Theme changed to: Pinkie Pie
2025-06-25 13:17:50,181 - root - INFO - Configuration saved to flutter_earth_config.json
2025-06-25 13:17:50,182 - flutter_earth_pkg.flutter_earth.themes - INFO - Theme changed to: Derpy Hooves
2025-06-25 13:17:52,452 - root - INFO - Configuration saved to flutter_earth_config.json
2025-06-25 13:17:52,452 - flutter_earth_pkg.flutter_earth.themes - INFO - Theme changed to: Trixie
2025-06-25 13:17:57,535 - root - INFO - Configuration loaded from flutter_earth_config.json
2025-06-25 13:17:59,088 - root - INFO - Configuration saved to flutter_earth_config.json
2025-06-25 13:17:59,090 - flutter_earth_pkg.flutter_earth.themes - INFO - Theme changed to: Default (Dark)
