2025-06-25 13:23:47,769 - root - INFO - === Flutter Earth Application Started ===
2025-06-25 13:23:47,769 - root - INFO - Log file: logs\flutter_earth_20250625_132347.log
2025-06-25 13:23:47,812 - root - INFO - Configuration loaded from flutter_earth_config.json
2025-06-25 13:23:47,873 - root - INFO - Flutter Earth QML GUI modules imported successfully
2025-06-25 13:23:47,873 - root - INFO - Initializing QApplication...
2025-06-25 13:23:47,885 - root - INFO - Starting Flutter Earth QML GUI application...
2025-06-25 13:23:47,897 - root - INFO - Configuration loaded from flutter_earth_config.json
2025-06-25 13:23:47,899 - root - INFO - Configuration loaded from flutter_earth_config.json
2025-06-25 13:23:47,899 - flutter_earth_pkg.flutter_earth.themes - INFO - ThemeManager initialized with theme: Default (Dark)
2025-06-25 13:23:48,740 - googleapiclient.http - WARNING - Encountered 403 Forbidden with reason "PERMISSION_DENIED"
2025-06-25 13:23:48,740 - root - WARNING - High-volume EE initialization failed: ee.Initialize: no project found. Call with project= or see http://goo.gle/ee-auth.. Trying default endpoint.
2025-06-25 13:23:49,634 - googleapiclient.http - WARNING - Encountered 403 Forbidden with reason "PERMISSION_DENIED"
2025-06-25 13:23:49,634 - root - ERROR - Earth Engine initialization failed: ee.Initialize: no project found. Call with project= or see http://goo.gle/ee-auth.
2025-06-25 13:23:49,634 - root - ERROR - Earth Engine project not found. Please:
1. Create a Google Cloud project with Earth Engine API enabled
2. Set up service account authentication using the setup dialog
3. Or set environment variable: EARTHENGINE_PROJECT=your-project-id
4. Visit https://developers.google.com/earth-engine/guides/access to sign up
2025-06-25 13:24:05,998 - root - INFO - Configuration saved to flutter_earth_config.json
2025-06-25 13:24:05,998 - flutter_earth_pkg.flutter_earth.themes - INFO - Theme changed to: Light
2025-06-25 13:24:09,192 - root - INFO - Configuration saved to flutter_earth_config.json
2025-06-25 13:24:09,192 - flutter_earth_pkg.flutter_earth.themes - INFO - Theme changed to: Pinkie Pie
